<?xml version="1.0" encoding="UTF-8"?>
<testsuite name="hello.core.discount.RateDiscountPolicyTest" tests="2" skipped="0" failures="0" errors="0" timestamp="2023-10-17T01:30:05" hostname="ITSMART" time="0.062">
  <properties/>
  <testcase name="VIP가 아니면 할인이 없음" classname="hello.core.discount.RateDiscountPolicyTest" time="0.059"/>
  <testcase name="VIP는 10% 할인이 적용되어야 한다." classname="hello.core.discount.RateDiscountPolicyTest" time="0.001"/>
  <system-out><![CDATA[]]></system-out>
  <system-err><![CDATA[]]></system-err>
</testsuite>
